<?xml version="1.0" encoding="UTF-8"?>
<testng-results skipped="0" failed="0" ignored="0" total="1" passed="1">
  <reporter-output>
  </reporter-output>
  <suite name="Default suite" duration-ms="5783" started-at="2021-11-15T20:52:55 ART" finished-at="2021-11-15T20:53:01 ART">
    <groups>
    </groups>
    <test name="Default test" duration-ms="5783" started-at="2021-11-15T20:52:55 ART" finished-at="2021-11-15T20:53:01 ART">
      <class name="prueba.PruebaTest">
        <test-method status="PASS" signature="test3()[pri:0, instance:prueba.PruebaTest@4b1c1ea0]" name="test3" duration-ms="5750" started-at="2021-11-15T20:52:55 ART" finished-at="2021-11-15T20:53:01 ART">
          <reporter-output>
          </reporter-output>
        </test-method> <!-- test3 -->
      </class> <!-- prueba.PruebaTest -->
    </test> <!-- Default test -->
  </suite> <!-- Default suite -->
</testng-results>
